#-----------------------------------------------------------
# Vivado v2020.1 (64-bit)
# SW Build 2902540 on Wed May 27 19:54:49 MDT 2020
# IP Build 2902112 on Wed May 27 22:43:36 MDT 2020
# Start of session at: Sat Oct 17 15:49:32 2020
# Process ID: 3492
# Current directory: C:/Users/kyrar/OneDrive/Documents/GitHub/DL202030_KyraRose/Lab05/Lab05_project
# Command line: vivado.exe -gui_launcher_event rodinguilauncherevent14100 C:\Users\kyrar\OneDrive\Documents\GitHub\DL202030_KyraRose\Lab05\Lab05_project\Lab05_project.xpr
# Log file: C:/Users/kyrar/OneDrive/Documents/GitHub/DL202030_KyraRose/Lab05/Lab05_project/vivado.log
# Journal file: C:/Users/kyrar/OneDrive/Documents/GitHub/DL202030_KyraRose/Lab05/Lab05_project\vivado.jou
#-----------------------------------------------------------
start_gui
open_project C:/Users/kyrar/OneDrive/Documents/GitHub/DL202030_KyraRose/Lab05/Lab05_project/Lab05_project.xpr
Scanning sources...
Finished scanning sources
WARNING: [filemgmt 56-3] Default IP Output Path : Could not find the directory 'C:/Users/kyrar/OneDrive/Documents/GitHub/DL202030_KyraRose/Lab05/Lab05_project/Lab05_project.srcs/sources_1'.
INFO: [IP_Flow 19-234] Refreshing IP repositories
INFO: [IP_Flow 19-1704] No user IP repositories specified
INFO: [IP_Flow 19-2313] Loaded Vivado IP repository 'C:/Xilinx/Vivado/2020.1/data/ip'.
open_project: Time (s): cpu = 00:00:50 ; elapsed = 00:00:27 . Memory (MB): peak = 1052.406 ; gain = 0.000
launch_simulation
Command: launch_simulation 
INFO: [Vivado 12-5682] Launching behavioral simulation in 'C:/Users/kyrar/OneDrive/Documents/GitHub/DL202030_KyraRose/Lab05/Lab05_project/Lab05_project.sim/sim_1/behav/xsim'
INFO: [SIM-utils-51] Simulation object is 'sim_1'
INFO: [SIM-utils-54] Inspecting design source files for 'halfadder_test' in fileset 'sim_1'...
INFO: [USF-XSim-97] Finding global include files...
INFO: [USF-XSim-100] Fetching design files from 'sources_1'...(this may take a while)...
INFO: [USF-XSim-101] Fetching design files from 'sim_1'...
INFO: [USF-XSim-2] XSim::Compile design
INFO: [USF-XSim-61] Executing 'COMPILE and ANALYZE' step in 'C:/Users/kyrar/OneDrive/Documents/GitHub/DL202030_KyraRose/Lab05/Lab05_project/Lab05_project.sim/sim_1/behav/xsim'
"xvlog --incr --relax -prj halfadder_test_vlog.prj"
INFO: [USF-XSim-69] 'compile' step finished in '2' seconds
INFO: [USF-XSim-3] XSim::Elaborate design
INFO: [USF-XSim-61] Executing 'ELABORATE' step in 'C:/Users/kyrar/OneDrive/Documents/GitHub/DL202030_KyraRose/Lab05/Lab05_project/Lab05_project.sim/sim_1/behav/xsim'
"xelab -wto 16e98e1dd05f4d8680aed826e6954234 --incr --debug typical --relax --mt 2 -L xil_defaultlib -L unisims_ver -L unimacro_ver -L secureip --snapshot halfadder_test_behav xil_defaultlib.halfadder_test xil_defaultlib.glbl -log elaborate.log"
Vivado Simulator 2020.1
Copyright 1986-1999, 2001-2020 Xilinx, Inc. All Rights Reserved.
Running: C:/Xilinx/Vivado/2020.1/bin/unwrapped/win64.o/xelab.exe -wto 16e98e1dd05f4d8680aed826e6954234 --incr --debug typical --relax --mt 2 -L xil_defaultlib -L unisims_ver -L unimacro_ver -L secureip --snapshot halfadder_test_behav xil_defaultlib.halfadder_test xil_defaultlib.glbl -log elaborate.log 
Using 2 slave threads.
Starting static elaboration
Pass Through NonSizing Optimizer
Completed static elaboration
INFO: [XSIM 43-4323] No Change in HDL. Linking previously generated obj files to create kernel
INFO: [USF-XSim-69] 'elaborate' step finished in '2' seconds
INFO: [USF-XSim-4] XSim::Simulate design
INFO: [USF-XSim-61] Executing 'SIMULATE' step in 'C:/Users/kyrar/OneDrive/Documents/GitHub/DL202030_KyraRose/Lab05/Lab05_project/Lab05_project.sim/sim_1/behav/xsim'
INFO: [USF-XSim-98] *** Running xsim
   with args "halfadder_test_behav -key {Behavioral:sim_1:Functional:halfadder_test} -tclbatch {halfadder_test.tcl} -view {C:/Users/kyrar/OneDrive/Documents/GitHub/DL202030_KyraRose/Lab05/Lab05_project/halfadder_test_behav.wcfg} -log {simulate.log}"
INFO: [USF-XSim-8] Loading simulator feature
Vivado Simulator 2020.1
Time resolution is 1 ps
open_wave_config C:/Users/kyrar/OneDrive/Documents/GitHub/DL202030_KyraRose/Lab05/Lab05_project/halfadder_test_behav.wcfg
source halfadder_test.tcl
# set curr_wave [current_wave_config]
# if { [string length $curr_wave] == 0 } {
#   if { [llength [get_objects]] > 0} {
#     add_wave /
#     set_property needs_save false [current_wave_config]
#   } else {
#      send_msg_id Add_Wave-1 WARNING "No top level signals found. Simulator will start without a wave window. If you want to open a wave window go to 'File->New Waveform Configuration' or type 'create_wave_config' in the TCL console."
#   }
# }
# run 1000ns
$finish called at time : 40 ns : File "C:/Users/kyrar/OneDrive/Documents/GitHub/DL202030_KyraRose/Lab05/System_Verilog_code/halfadder_test.sv" Line 41
INFO: [USF-XSim-96] XSim completed. Design snapshot 'halfadder_test_behav' loaded.
INFO: [USF-XSim-97] XSim simulation ran for 1000ns
launch_simulation: Time (s): cpu = 00:00:13 ; elapsed = 00:00:10 . Memory (MB): peak = 1052.406 ; gain = 0.000
close [ open C:/Users/kyrar/OneDrive/Documents/GitHub/DL202030_KyraRose/All_System_verilog_code/fulladder.sv w ]
add_files C:/Users/kyrar/OneDrive/Documents/GitHub/DL202030_KyraRose/All_System_verilog_code/fulladder.sv
set_property SOURCE_SET sources_1 [get_filesets sim_1]
close [ open C:/Users/kyrar/OneDrive/Documents/GitHub/DL202030_KyraRose/All_System_verilog_code/fulladder_test.sv w ]
add_files -fileset sim_1 C:/Users/kyrar/OneDrive/Documents/GitHub/DL202030_KyraRose/All_System_verilog_code/fulladder_test.sv
set_property top fulladder_test [get_filesets sim_1]
set_property top_lib xil_defaultlib [get_filesets sim_1]
launch_simulation
Command: launch_simulation 
boost::filesystem::remove: The process cannot access the file because it is being used by another process: "C:/Users/kyrar/OneDrive/Documents/GitHub/DL202030_KyraRose/Lab05/Lab05_project/Lab05_project.sim/sim_1/behav/xsim/simulate.log"
close_sim
INFO: [Simtcl 6-16] Simulation closed
launch_simulation
Command: launch_simulation 
INFO: [Vivado 12-5682] Launching behavioral simulation in 'C:/Users/kyrar/OneDrive/Documents/GitHub/DL202030_KyraRose/Lab05/Lab05_project/Lab05_project.sim/sim_1/behav/xsim'
INFO: [SIM-utils-51] Simulation object is 'sim_1'
INFO: [SIM-utils-54] Inspecting design source files for 'fulladder_test' in fileset 'sim_1'...
INFO: [USF-XSim-97] Finding global include files...
INFO: [USF-XSim-100] Fetching design files from 'sources_1'...(this may take a while)...
INFO: [USF-XSim-101] Fetching design files from 'sim_1'...
INFO: [USF-XSim-2] XSim::Compile design
INFO: [USF-XSim-61] Executing 'COMPILE and ANALYZE' step in 'C:/Users/kyrar/OneDrive/Documents/GitHub/DL202030_KyraRose/Lab05/Lab05_project/Lab05_project.sim/sim_1/behav/xsim'
"xvlog --incr --relax -prj fulladder_test_vlog.prj"
INFO: [VRFC 10-2263] Analyzing SystemVerilog file "C:/Users/kyrar/OneDrive/Documents/GitHub/DL202030_KyraRose/All_System_verilog_code/fulladder.sv" into library xil_defaultlib
INFO: [VRFC 10-311] analyzing module fulladder
INFO: [VRFC 10-2263] Analyzing SystemVerilog file "C:/Users/kyrar/OneDrive/Documents/GitHub/DL202030_KyraRose/All_System_verilog_code/fulladder_test.sv" into library xil_defaultlib
INFO: [VRFC 10-311] analyzing module fulladder_test
INFO: [USF-XSim-69] 'compile' step finished in '2' seconds
INFO: [USF-XSim-3] XSim::Elaborate design
INFO: [USF-XSim-61] Executing 'ELABORATE' step in 'C:/Users/kyrar/OneDrive/Documents/GitHub/DL202030_KyraRose/Lab05/Lab05_project/Lab05_project.sim/sim_1/behav/xsim'
"xelab -wto 16e98e1dd05f4d8680aed826e6954234 --incr --debug typical --relax --mt 2 -L xil_defaultlib -L unisims_ver -L unimacro_ver -L secureip --snapshot fulladder_test_behav xil_defaultlib.fulladder_test xil_defaultlib.glbl -log elaborate.log"
Vivado Simulator 2020.1
Copyright 1986-1999, 2001-2020 Xilinx, Inc. All Rights Reserved.
Running: C:/Xilinx/Vivado/2020.1/bin/unwrapped/win64.o/xelab.exe -wto 16e98e1dd05f4d8680aed826e6954234 --incr --debug typical --relax --mt 2 -L xil_defaultlib -L unisims_ver -L unimacro_ver -L secureip --snapshot fulladder_test_behav xil_defaultlib.fulladder_test xil_defaultlib.glbl -log elaborate.log 
Using 2 slave threads.
Starting static elaboration
Pass Through NonSizing Optimizer
Completed static elaboration
Starting simulation data flow analysis
Completed simulation data flow analysis
Time Resolution for simulation is 1ps
Compiling module xil_defaultlib.halfadder
Compiling module xil_defaultlib.fulladder
Compiling module xil_defaultlib.fulladder_test
Compiling module xil_defaultlib.glbl
Built simulation snapshot fulladder_test_behav

****** Webtalk v2020.1 (64-bit)
  **** SW Build 2902540 on Wed May 27 19:54:49 MDT 2020
  **** IP Build 2902112 on Wed May 27 22:43:36 MDT 2020
    ** Copyright 1986-2020 Xilinx, Inc. All Rights Reserved.

source C:/Users/kyrar/OneDrive/Documents/GitHub/DL202030_KyraRose/Lab05/Lab05_project/Lab05_project.sim/sim_1/behav/xsim/xsim.dir/fulladder_test_behav/webtalk/xsim_webtalk.tcl -notrace
INFO: [Common 17-206] Exiting Webtalk at Sat Oct 17 18:46:00 2020...
run_program: Time (s): cpu = 00:00:00 ; elapsed = 00:00:05 . Memory (MB): peak = 1052.406 ; gain = 0.000
INFO: [USF-XSim-69] 'elaborate' step finished in '5' seconds
INFO: [USF-XSim-4] XSim::Simulate design
INFO: [USF-XSim-61] Executing 'SIMULATE' step in 'C:/Users/kyrar/OneDrive/Documents/GitHub/DL202030_KyraRose/Lab05/Lab05_project/Lab05_project.sim/sim_1/behav/xsim'
INFO: [USF-XSim-98] *** Running xsim
   with args "fulladder_test_behav -key {Behavioral:sim_1:Functional:fulladder_test} -tclbatch {fulladder_test.tcl} -view {C:/Users/kyrar/OneDrive/Documents/GitHub/DL202030_KyraRose/Lab05/Lab05_project/halfadder_test_behav.wcfg} -log {simulate.log}"
INFO: [USF-XSim-8] Loading simulator feature
Vivado Simulator 2020.1
Time resolution is 1 ps
open_wave_config C:/Users/kyrar/OneDrive/Documents/GitHub/DL202030_KyraRose/Lab05/Lab05_project/halfadder_test_behav.wcfg
WARNING: Simulation object /halfadder_test/a was not found in the design.
WARNING: Simulation object /halfadder_test/b was not found in the design.
WARNING: Simulation object /halfadder_test/c was not found in the design.
WARNING: Simulation object /halfadder_test/s was not found in the design.
source fulladder_test.tcl
# set curr_wave [current_wave_config]
# if { [string length $curr_wave] == 0 } {
#   if { [llength [get_objects]] > 0} {
#     add_wave /
#     set_property needs_save false [current_wave_config]
#   } else {
#      send_msg_id Add_Wave-1 WARNING "No top level signals found. Simulator will start without a wave window. If you want to open a wave window go to 'File->New Waveform Configuration' or type 'create_wave_config' in the TCL console."
#   }
# }
# run 1000ns
$finish called at time : 80 ns : File "C:/Users/kyrar/OneDrive/Documents/GitHub/DL202030_KyraRose/All_System_verilog_code/fulladder_test.sv" Line 49
INFO: [USF-XSim-96] XSim completed. Design snapshot 'fulladder_test_behav' loaded.
INFO: [USF-XSim-97] XSim simulation ran for 1000ns
launch_simulation: Time (s): cpu = 00:00:07 ; elapsed = 00:00:11 . Memory (MB): peak = 1052.406 ; gain = 0.000
close_sim
INFO: [Simtcl 6-16] Simulation closed
launch_simulation
Command: launch_simulation 
INFO: [Vivado 12-5682] Launching behavioral simulation in 'C:/Users/kyrar/OneDrive/Documents/GitHub/DL202030_KyraRose/Lab05/Lab05_project/Lab05_project.sim/sim_1/behav/xsim'
INFO: [SIM-utils-51] Simulation object is 'sim_1'
INFO: [SIM-utils-54] Inspecting design source files for 'fulladder_test' in fileset 'sim_1'...
INFO: [USF-XSim-97] Finding global include files...
INFO: [USF-XSim-100] Fetching design files from 'sources_1'...(this may take a while)...
INFO: [USF-XSim-101] Fetching design files from 'sim_1'...
INFO: [USF-XSim-2] XSim::Compile design
INFO: [USF-XSim-61] Executing 'COMPILE and ANALYZE' step in 'C:/Users/kyrar/OneDrive/Documents/GitHub/DL202030_KyraRose/Lab05/Lab05_project/Lab05_project.sim/sim_1/behav/xsim'
"xvlog --incr --relax -prj fulladder_test_vlog.prj"
INFO: [USF-XSim-69] 'compile' step finished in '1' seconds
INFO: [USF-XSim-3] XSim::Elaborate design
INFO: [USF-XSim-61] Executing 'ELABORATE' step in 'C:/Users/kyrar/OneDrive/Documents/GitHub/DL202030_KyraRose/Lab05/Lab05_project/Lab05_project.sim/sim_1/behav/xsim'
"xelab -wto 16e98e1dd05f4d8680aed826e6954234 --incr --debug typical --relax --mt 2 -L xil_defaultlib -L unisims_ver -L unimacro_ver -L secureip --snapshot fulladder_test_behav xil_defaultlib.fulladder_test xil_defaultlib.glbl -log elaborate.log"
Vivado Simulator 2020.1
Copyright 1986-1999, 2001-2020 Xilinx, Inc. All Rights Reserved.
Running: C:/Xilinx/Vivado/2020.1/bin/unwrapped/win64.o/xelab.exe -wto 16e98e1dd05f4d8680aed826e6954234 --incr --debug typical --relax --mt 2 -L xil_defaultlib -L unisims_ver -L unimacro_ver -L secureip --snapshot fulladder_test_behav xil_defaultlib.fulladder_test xil_defaultlib.glbl -log elaborate.log 
Using 2 slave threads.
Starting static elaboration
Pass Through NonSizing Optimizer
Completed static elaboration
INFO: [XSIM 43-4323] No Change in HDL. Linking previously generated obj files to create kernel
INFO: [USF-XSim-69] 'elaborate' step finished in '2' seconds
INFO: [USF-XSim-4] XSim::Simulate design
INFO: [USF-XSim-61] Executing 'SIMULATE' step in 'C:/Users/kyrar/OneDrive/Documents/GitHub/DL202030_KyraRose/Lab05/Lab05_project/Lab05_project.sim/sim_1/behav/xsim'
INFO: [USF-XSim-98] *** Running xsim
   with args "fulladder_test_behav -key {Behavioral:sim_1:Functional:fulladder_test} -tclbatch {fulladder_test.tcl} -view {C:/Users/kyrar/OneDrive/Documents/GitHub/DL202030_KyraRose/Lab05/Lab05_project/halfadder_test_behav.wcfg} -log {simulate.log}"
INFO: [USF-XSim-8] Loading simulator feature
Vivado Simulator 2020.1
Time resolution is 1 ps
open_wave_config C:/Users/kyrar/OneDrive/Documents/GitHub/DL202030_KyraRose/Lab05/Lab05_project/halfadder_test_behav.wcfg
WARNING: Simulation object /halfadder_test/a was not found in the design.
WARNING: Simulation object /halfadder_test/b was not found in the design.
WARNING: Simulation object /halfadder_test/c was not found in the design.
WARNING: Simulation object /halfadder_test/s was not found in the design.
source fulladder_test.tcl
# set curr_wave [current_wave_config]
# if { [string length $curr_wave] == 0 } {
#   if { [llength [get_objects]] > 0} {
#     add_wave /
#     set_property needs_save false [current_wave_config]
#   } else {
#      send_msg_id Add_Wave-1 WARNING "No top level signals found. Simulator will start without a wave window. If you want to open a wave window go to 'File->New Waveform Configuration' or type 'create_wave_config' in the TCL console."
#   }
# }
# run 1000ns
$finish called at time : 80 ns : File "C:/Users/kyrar/OneDrive/Documents/GitHub/DL202030_KyraRose/All_System_verilog_code/fulladder_test.sv" Line 49
INFO: [USF-XSim-96] XSim completed. Design snapshot 'fulladder_test_behav' loaded.
INFO: [USF-XSim-97] XSim simulation ran for 1000ns
launch_simulation: Time (s): cpu = 00:00:04 ; elapsed = 00:00:07 . Memory (MB): peak = 1103.938 ; gain = 0.531
close_sim
INFO: [Simtcl 6-16] Simulation closed
launch_simulation
Command: launch_simulation 
INFO: [Vivado 12-5682] Launching behavioral simulation in 'C:/Users/kyrar/OneDrive/Documents/GitHub/DL202030_KyraRose/Lab05/Lab05_project/Lab05_project.sim/sim_1/behav/xsim'
INFO: [SIM-utils-51] Simulation object is 'sim_1'
INFO: [SIM-utils-54] Inspecting design source files for 'fulladder_test' in fileset 'sim_1'...
INFO: [USF-XSim-97] Finding global include files...
INFO: [USF-XSim-100] Fetching design files from 'sources_1'...(this may take a while)...
INFO: [USF-XSim-101] Fetching design files from 'sim_1'...
INFO: [USF-XSim-2] XSim::Compile design
INFO: [USF-XSim-61] Executing 'COMPILE and ANALYZE' step in 'C:/Users/kyrar/OneDrive/Documents/GitHub/DL202030_KyraRose/Lab05/Lab05_project/Lab05_project.sim/sim_1/behav/xsim'
"xvlog --incr --relax -prj fulladder_test_vlog.prj"
INFO: [VRFC 10-2263] Analyzing SystemVerilog file "C:/Users/kyrar/OneDrive/Documents/GitHub/DL202030_KyraRose/Lab05/System_Verilog_code/halfadder.sv" into library xil_defaultlib
INFO: [VRFC 10-311] analyzing module halfadder
INFO: [VRFC 10-2263] Analyzing SystemVerilog file "C:/Users/kyrar/OneDrive/Documents/GitHub/DL202030_KyraRose/All_System_verilog_code/fulladder.sv" into library xil_defaultlib
INFO: [VRFC 10-311] analyzing module fulladder
INFO: [VRFC 10-2263] Analyzing SystemVerilog file "C:/Users/kyrar/OneDrive/Documents/GitHub/DL202030_KyraRose/Lab05/System_Verilog_code/halfadder_test.sv" into library xil_defaultlib
INFO: [VRFC 10-311] analyzing module halfadder_test
INFO: [VRFC 10-2263] Analyzing SystemVerilog file "C:/Users/kyrar/OneDrive/Documents/GitHub/DL202030_KyraRose/All_System_verilog_code/fulladder_test.sv" into library xil_defaultlib
INFO: [VRFC 10-311] analyzing module fulladder_test
INFO: [USF-XSim-69] 'compile' step finished in '1' seconds
INFO: [USF-XSim-3] XSim::Elaborate design
INFO: [USF-XSim-61] Executing 'ELABORATE' step in 'C:/Users/kyrar/OneDrive/Documents/GitHub/DL202030_KyraRose/Lab05/Lab05_project/Lab05_project.sim/sim_1/behav/xsim'
"xelab -wto 16e98e1dd05f4d8680aed826e6954234 --incr --debug typical --relax --mt 2 -L xil_defaultlib -L unisims_ver -L unimacro_ver -L secureip --snapshot fulladder_test_behav xil_defaultlib.fulladder_test xil_defaultlib.glbl -log elaborate.log"
Vivado Simulator 2020.1
Copyright 1986-1999, 2001-2020 Xilinx, Inc. All Rights Reserved.
Running: C:/Xilinx/Vivado/2020.1/bin/unwrapped/win64.o/xelab.exe -wto 16e98e1dd05f4d8680aed826e6954234 --incr --debug typical --relax --mt 2 -L xil_defaultlib -L unisims_ver -L unimacro_ver -L secureip --snapshot fulladder_test_behav xil_defaultlib.fulladder_test xil_defaultlib.glbl -log elaborate.log 
Using 2 slave threads.
Starting static elaboration
Pass Through NonSizing Optimizer
Completed static elaboration
Starting simulation data flow analysis
Completed simulation data flow analysis
Time Resolution for simulation is 1ps
Compiling module xil_defaultlib.halfadder
Compiling module xil_defaultlib.fulladder
Compiling module xil_defaultlib.fulladder_test
Compiling module xil_defaultlib.glbl
Built simulation snapshot fulladder_test_behav
INFO: [USF-XSim-69] 'elaborate' step finished in '2' seconds
INFO: [USF-XSim-4] XSim::Simulate design
INFO: [USF-XSim-61] Executing 'SIMULATE' step in 'C:/Users/kyrar/OneDrive/Documents/GitHub/DL202030_KyraRose/Lab05/Lab05_project/Lab05_project.sim/sim_1/behav/xsim'
INFO: [USF-XSim-98] *** Running xsim
   with args "fulladder_test_behav -key {Behavioral:sim_1:Functional:fulladder_test} -tclbatch {fulladder_test.tcl} -view {C:/Users/kyrar/OneDrive/Documents/GitHub/DL202030_KyraRose/Lab05/Lab05_project/halfadder_test_behav.wcfg} -log {simulate.log}"
INFO: [USF-XSim-8] Loading simulator feature
Vivado Simulator 2020.1
Time resolution is 1 ps
open_wave_config C:/Users/kyrar/OneDrive/Documents/GitHub/DL202030_KyraRose/Lab05/Lab05_project/halfadder_test_behav.wcfg
WARNING: Simulation object /halfadder_test/a was not found in the design.
WARNING: Simulation object /halfadder_test/b was not found in the design.
WARNING: Simulation object /halfadder_test/c was not found in the design.
WARNING: Simulation object /halfadder_test/s was not found in the design.
source fulladder_test.tcl
# set curr_wave [current_wave_config]
# if { [string length $curr_wave] == 0 } {
#   if { [llength [get_objects]] > 0} {
#     add_wave /
#     set_property needs_save false [current_wave_config]
#   } else {
#      send_msg_id Add_Wave-1 WARNING "No top level signals found. Simulator will start without a wave window. If you want to open a wave window go to 'File->New Waveform Configuration' or type 'create_wave_config' in the TCL console."
#   }
# }
# run 1000ns
$finish called at time : 80 ns : File "C:/Users/kyrar/OneDrive/Documents/GitHub/DL202030_KyraRose/All_System_verilog_code/fulladder_test.sv" Line 49
INFO: [USF-XSim-96] XSim completed. Design snapshot 'fulladder_test_behav' loaded.
INFO: [USF-XSim-97] XSim simulation ran for 1000ns
launch_simulation: Time (s): cpu = 00:00:04 ; elapsed = 00:00:07 . Memory (MB): peak = 1109.199 ; gain = 3.172
run 10 ns
run all
run 10 ns
run all
close_sim
INFO: [Simtcl 6-16] Simulation closed
launch_simulation
Command: launch_simulation 
INFO: [Vivado 12-5682] Launching behavioral simulation in 'C:/Users/kyrar/OneDrive/Documents/GitHub/DL202030_KyraRose/Lab05/Lab05_project/Lab05_project.sim/sim_1/behav/xsim'
INFO: [SIM-utils-51] Simulation object is 'sim_1'
INFO: [SIM-utils-54] Inspecting design source files for 'fulladder_test' in fileset 'sim_1'...
INFO: [USF-XSim-97] Finding global include files...
INFO: [USF-XSim-100] Fetching design files from 'sources_1'...(this may take a while)...
INFO: [USF-XSim-101] Fetching design files from 'sim_1'...
INFO: [USF-XSim-2] XSim::Compile design
INFO: [USF-XSim-61] Executing 'COMPILE and ANALYZE' step in 'C:/Users/kyrar/OneDrive/Documents/GitHub/DL202030_KyraRose/Lab05/Lab05_project/Lab05_project.sim/sim_1/behav/xsim'
"xvlog --incr --relax -prj fulladder_test_vlog.prj"
INFO: [VRFC 10-2263] Analyzing SystemVerilog file "C:/Users/kyrar/OneDrive/Documents/GitHub/DL202030_KyraRose/Lab05/System_Verilog_code/halfadder.sv" into library xil_defaultlib
INFO: [VRFC 10-311] analyzing module halfadder
INFO: [VRFC 10-2263] Analyzing SystemVerilog file "C:/Users/kyrar/OneDrive/Documents/GitHub/DL202030_KyraRose/All_System_verilog_code/fulladder.sv" into library xil_defaultlib
INFO: [VRFC 10-311] analyzing module fulladder
INFO: [VRFC 10-2263] Analyzing SystemVerilog file "C:/Users/kyrar/OneDrive/Documents/GitHub/DL202030_KyraRose/Lab05/System_Verilog_code/halfadder_test.sv" into library xil_defaultlib
INFO: [VRFC 10-311] analyzing module halfadder_test
INFO: [VRFC 10-2263] Analyzing SystemVerilog file "C:/Users/kyrar/OneDrive/Documents/GitHub/DL202030_KyraRose/All_System_verilog_code/fulladder_test.sv" into library xil_defaultlib
INFO: [VRFC 10-311] analyzing module fulladder_test
INFO: [VRFC 10-2458] undeclared symbol ain, assumed default net type wire [C:/Users/kyrar/OneDrive/Documents/GitHub/DL202030_KyraRose/All_System_verilog_code/fulladder_test.sv:44]
INFO: [VRFC 10-2458] undeclared symbol bin, assumed default net type wire [C:/Users/kyrar/OneDrive/Documents/GitHub/DL202030_KyraRose/All_System_verilog_code/fulladder_test.sv:45]
INFO: [VRFC 10-2458] undeclared symbol sout, assumed default net type wire [C:/Users/kyrar/OneDrive/Documents/GitHub/DL202030_KyraRose/All_System_verilog_code/fulladder_test.sv:54]
INFO: [USF-XSim-69] 'compile' step finished in '1' seconds
INFO: [USF-XSim-3] XSim::Elaborate design
INFO: [USF-XSim-61] Executing 'ELABORATE' step in 'C:/Users/kyrar/OneDrive/Documents/GitHub/DL202030_KyraRose/Lab05/Lab05_project/Lab05_project.sim/sim_1/behav/xsim'
"xelab -wto 16e98e1dd05f4d8680aed826e6954234 --incr --debug typical --relax --mt 2 -L xil_defaultlib -L unisims_ver -L unimacro_ver -L secureip --snapshot fulladder_test_behav xil_defaultlib.fulladder_test xil_defaultlib.glbl -log elaborate.log"
Vivado Simulator 2020.1
Copyright 1986-1999, 2001-2020 Xilinx, Inc. All Rights Reserved.
Running: C:/Xilinx/Vivado/2020.1/bin/unwrapped/win64.o/xelab.exe -wto 16e98e1dd05f4d8680aed826e6954234 --incr --debug typical --relax --mt 2 -L xil_defaultlib -L unisims_ver -L unimacro_ver -L secureip --snapshot fulladder_test_behav xil_defaultlib.fulladder_test xil_defaultlib.glbl -log elaborate.log 
Using 2 slave threads.
Starting static elaboration
Pass Through NonSizing Optimizer
ERROR: [VRFC 10-2538] module instantiation should have an instance name [C:/Users/kyrar/OneDrive/Documents/GitHub/DL202030_KyraRose/All_System_verilog_code/fulladder_test.sv:31]
ERROR: [XSIM 43-3322] Static elaboration of top level Verilog design unit(s) in library work failed.
INFO: [USF-XSim-69] 'elaborate' step finished in '2' seconds
INFO: [USF-XSim-99] Step results log file:'C:/Users/kyrar/OneDrive/Documents/GitHub/DL202030_KyraRose/Lab05/Lab05_project/Lab05_project.sim/sim_1/behav/xsim/elaborate.log'
ERROR: [USF-XSim-62] 'elaborate' step failed with error(s). Please check the Tcl console output or 'C:/Users/kyrar/OneDrive/Documents/GitHub/DL202030_KyraRose/Lab05/Lab05_project/Lab05_project.sim/sim_1/behav/xsim/elaborate.log' file for more information.
ERROR: [Vivado 12-4473] Detected error while running simulation. Please correct the issue and retry this operation.
ERROR: [Common 17-39] 'launch_simulation' failed due to earlier errors.
launch_simulation
Command: launch_simulation 
INFO: [Vivado 12-5682] Launching behavioral simulation in 'C:/Users/kyrar/OneDrive/Documents/GitHub/DL202030_KyraRose/Lab05/Lab05_project/Lab05_project.sim/sim_1/behav/xsim'
INFO: [SIM-utils-51] Simulation object is 'sim_1'
INFO: [SIM-utils-54] Inspecting design source files for 'fulladder_test' in fileset 'sim_1'...
INFO: [USF-XSim-97] Finding global include files...
INFO: [USF-XSim-100] Fetching design files from 'sources_1'...(this may take a while)...
INFO: [USF-XSim-101] Fetching design files from 'sim_1'...
INFO: [USF-XSim-2] XSim::Compile design
INFO: [USF-XSim-61] Executing 'COMPILE and ANALYZE' step in 'C:/Users/kyrar/OneDrive/Documents/GitHub/DL202030_KyraRose/Lab05/Lab05_project/Lab05_project.sim/sim_1/behav/xsim'
"xvlog --incr --relax -prj fulladder_test_vlog.prj"
INFO: [VRFC 10-2263] Analyzing SystemVerilog file "C:/Users/kyrar/OneDrive/Documents/GitHub/DL202030_KyraRose/Lab05/System_Verilog_code/halfadder.sv" into library xil_defaultlib
INFO: [VRFC 10-311] analyzing module halfadder
INFO: [VRFC 10-2263] Analyzing SystemVerilog file "C:/Users/kyrar/OneDrive/Documents/GitHub/DL202030_KyraRose/All_System_verilog_code/fulladder.sv" into library xil_defaultlib
INFO: [VRFC 10-311] analyzing module fulladder
INFO: [VRFC 10-2263] Analyzing SystemVerilog file "C:/Users/kyrar/OneDrive/Documents/GitHub/DL202030_KyraRose/Lab05/System_Verilog_code/halfadder_test.sv" into library xil_defaultlib
INFO: [VRFC 10-311] analyzing module halfadder_test
INFO: [VRFC 10-2263] Analyzing SystemVerilog file "C:/Users/kyrar/OneDrive/Documents/GitHub/DL202030_KyraRose/All_System_verilog_code/fulladder_test.sv" into library xil_defaultlib
INFO: [VRFC 10-311] analyzing module fulladder_test
INFO: [VRFC 10-2458] undeclared symbol ain, assumed default net type wire [C:/Users/kyrar/OneDrive/Documents/GitHub/DL202030_KyraRose/All_System_verilog_code/fulladder_test.sv:44]
INFO: [VRFC 10-2458] undeclared symbol bin, assumed default net type wire [C:/Users/kyrar/OneDrive/Documents/GitHub/DL202030_KyraRose/All_System_verilog_code/fulladder_test.sv:45]
INFO: [VRFC 10-2458] undeclared symbol sout, assumed default net type wire [C:/Users/kyrar/OneDrive/Documents/GitHub/DL202030_KyraRose/All_System_verilog_code/fulladder_test.sv:54]
INFO: [USF-XSim-69] 'compile' step finished in '2' seconds
INFO: [USF-XSim-3] XSim::Elaborate design
INFO: [USF-XSim-61] Executing 'ELABORATE' step in 'C:/Users/kyrar/OneDrive/Documents/GitHub/DL202030_KyraRose/Lab05/Lab05_project/Lab05_project.sim/sim_1/behav/xsim'
"xelab -wto 16e98e1dd05f4d8680aed826e6954234 --incr --debug typical --relax --mt 2 -L xil_defaultlib -L unisims_ver -L unimacro_ver -L secureip --snapshot fulladder_test_behav xil_defaultlib.fulladder_test xil_defaultlib.glbl -log elaborate.log"
Vivado Simulator 2020.1
Copyright 1986-1999, 2001-2020 Xilinx, Inc. All Rights Reserved.
Running: C:/Xilinx/Vivado/2020.1/bin/unwrapped/win64.o/xelab.exe -wto 16e98e1dd05f4d8680aed826e6954234 --incr --debug typical --relax --mt 2 -L xil_defaultlib -L unisims_ver -L unimacro_ver -L secureip --snapshot fulladder_test_behav xil_defaultlib.fulladder_test xil_defaultlib.glbl -log elaborate.log 
Using 2 slave threads.
Starting static elaboration
Pass Through NonSizing Optimizer
Completed static elaboration
Starting simulation data flow analysis
Completed simulation data flow analysis
Time Resolution for simulation is 1ps
Compiling module xil_defaultlib.halfadder
Compiling module xil_defaultlib.fulladder
Compiling module xil_defaultlib.fulladder_test
Compiling module xil_defaultlib.glbl
Built simulation snapshot fulladder_test_behav
INFO: [USF-XSim-69] 'elaborate' step finished in '2' seconds
INFO: [USF-XSim-4] XSim::Simulate design
INFO: [USF-XSim-61] Executing 'SIMULATE' step in 'C:/Users/kyrar/OneDrive/Documents/GitHub/DL202030_KyraRose/Lab05/Lab05_project/Lab05_project.sim/sim_1/behav/xsim'
INFO: [USF-XSim-98] *** Running xsim
   with args "fulladder_test_behav -key {Behavioral:sim_1:Functional:fulladder_test} -tclbatch {fulladder_test.tcl} -view {C:/Users/kyrar/OneDrive/Documents/GitHub/DL202030_KyraRose/Lab05/Lab05_project/halfadder_test_behav.wcfg} -log {simulate.log}"
INFO: [USF-XSim-8] Loading simulator feature
Vivado Simulator 2020.1
Time resolution is 1 ps
open_wave_config C:/Users/kyrar/OneDrive/Documents/GitHub/DL202030_KyraRose/Lab05/Lab05_project/halfadder_test_behav.wcfg
WARNING: Simulation object /halfadder_test/a was not found in the design.
WARNING: Simulation object /halfadder_test/b was not found in the design.
WARNING: Simulation object /halfadder_test/c was not found in the design.
WARNING: Simulation object /halfadder_test/s was not found in the design.
source fulladder_test.tcl
# set curr_wave [current_wave_config]
# if { [string length $curr_wave] == 0 } {
#   if { [llength [get_objects]] > 0} {
#     add_wave /
#     set_property needs_save false [current_wave_config]
#   } else {
#      send_msg_id Add_Wave-1 WARNING "No top level signals found. Simulator will start without a wave window. If you want to open a wave window go to 'File->New Waveform Configuration' or type 'create_wave_config' in the TCL console."
#   }
# }
# run 1000ns
$finish called at time : 80 ns : File "C:/Users/kyrar/OneDrive/Documents/GitHub/DL202030_KyraRose/All_System_verilog_code/fulladder_test.sv" Line 66
INFO: [USF-XSim-96] XSim completed. Design snapshot 'fulladder_test_behav' loaded.
INFO: [USF-XSim-97] XSim simulation ran for 1000ns
launch_simulation: Time (s): cpu = 00:00:03 ; elapsed = 00:00:07 . Memory (MB): peak = 1117.684 ; gain = 0.000
close_sim
INFO: [Simtcl 6-16] Simulation closed
launch_simulation
Command: launch_simulation 
INFO: [Vivado 12-5682] Launching behavioral simulation in 'C:/Users/kyrar/OneDrive/Documents/GitHub/DL202030_KyraRose/Lab05/Lab05_project/Lab05_project.sim/sim_1/behav/xsim'
INFO: [SIM-utils-51] Simulation object is 'sim_1'
INFO: [SIM-utils-54] Inspecting design source files for 'fulladder_test' in fileset 'sim_1'...
INFO: [USF-XSim-97] Finding global include files...
INFO: [USF-XSim-100] Fetching design files from 'sources_1'...(this may take a while)...
INFO: [USF-XSim-101] Fetching design files from 'sim_1'...
INFO: [USF-XSim-2] XSim::Compile design
INFO: [USF-XSim-61] Executing 'COMPILE and ANALYZE' step in 'C:/Users/kyrar/OneDrive/Documents/GitHub/DL202030_KyraRose/Lab05/Lab05_project/Lab05_project.sim/sim_1/behav/xsim'
"xvlog --incr --relax -prj fulladder_test_vlog.prj"
INFO: [USF-XSim-69] 'compile' step finished in '1' seconds
INFO: [USF-XSim-3] XSim::Elaborate design
INFO: [USF-XSim-61] Executing 'ELABORATE' step in 'C:/Users/kyrar/OneDrive/Documents/GitHub/DL202030_KyraRose/Lab05/Lab05_project/Lab05_project.sim/sim_1/behav/xsim'
"xelab -wto 16e98e1dd05f4d8680aed826e6954234 --incr --debug typical --relax --mt 2 -L xil_defaultlib -L unisims_ver -L unimacro_ver -L secureip --snapshot fulladder_test_behav xil_defaultlib.fulladder_test xil_defaultlib.glbl -log elaborate.log"
Vivado Simulator 2020.1
Copyright 1986-1999, 2001-2020 Xilinx, Inc. All Rights Reserved.
Running: C:/Xilinx/Vivado/2020.1/bin/unwrapped/win64.o/xelab.exe -wto 16e98e1dd05f4d8680aed826e6954234 --incr --debug typical --relax --mt 2 -L xil_defaultlib -L unisims_ver -L unimacro_ver -L secureip --snapshot fulladder_test_behav xil_defaultlib.fulladder_test xil_defaultlib.glbl -log elaborate.log 
Using 2 slave threads.
Starting static elaboration
Pass Through NonSizing Optimizer
Completed static elaboration
INFO: [XSIM 43-4323] No Change in HDL. Linking previously generated obj files to create kernel
INFO: [USF-XSim-69] 'elaborate' step finished in '2' seconds
INFO: [USF-XSim-4] XSim::Simulate design
WARNING: [USF-XSim-17] WCFG file does not exist:C:/Users/kyrar/OneDrive/Documents/GitHub/DL202030_KyraRose/Lab05/Lab05_project/halfadder_test_behav.wcfg
WARNING: [USF-XSim-17] WCFG file does not exist:C:/Users/kyrar/OneDrive/Documents/GitHub/DL202030_KyraRose/Lab05/Lab05_project/halfadder_test_behav.wcfg
INFO: [USF-XSim-61] Executing 'SIMULATE' step in 'C:/Users/kyrar/OneDrive/Documents/GitHub/DL202030_KyraRose/Lab05/Lab05_project/Lab05_project.sim/sim_1/behav/xsim'
INFO: [USF-XSim-98] *** Running xsim
   with args "fulladder_test_behav -key {Behavioral:sim_1:Functional:fulladder_test} -tclbatch {fulladder_test.tcl} -log {simulate.log}"
INFO: [USF-XSim-8] Loading simulator feature
Vivado Simulator 2020.1
Time resolution is 1 ps
source fulladder_test.tcl
# set curr_wave [current_wave_config]
# if { [string length $curr_wave] == 0 } {
#   if { [llength [get_objects]] > 0} {
#     add_wave /
#     set_property needs_save false [current_wave_config]
#   } else {
#      send_msg_id Add_Wave-1 WARNING "No top level signals found. Simulator will start without a wave window. If you want to open a wave window go to 'File->New Waveform Configuration' or type 'create_wave_config' in the TCL console."
#   }
# }
# run 1000ns
$finish called at time : 80 ns : File "C:/Users/kyrar/OneDrive/Documents/GitHub/DL202030_KyraRose/All_System_verilog_code/fulladder_test.sv" Line 66
INFO: [USF-XSim-96] XSim completed. Design snapshot 'fulladder_test_behav' loaded.
INFO: [USF-XSim-97] XSim simulation ran for 1000ns
launch_simulation: Time (s): cpu = 00:00:05 ; elapsed = 00:00:07 . Memory (MB): peak = 1118.660 ; gain = 0.000
run all
run all
run 10 ns
close_sim
INFO: [Simtcl 6-16] Simulation closed
close_sim: Time (s): cpu = 00:00:04 ; elapsed = 00:00:06 . Memory (MB): peak = 1118.660 ; gain = 0.000
launch_simulation
Command: launch_simulation 
INFO: [Vivado 12-5682] Launching behavioral simulation in 'C:/Users/kyrar/OneDrive/Documents/GitHub/DL202030_KyraRose/Lab05/Lab05_project/Lab05_project.sim/sim_1/behav/xsim'
INFO: [SIM-utils-51] Simulation object is 'sim_1'
INFO: [SIM-utils-54] Inspecting design source files for 'fulladder_test' in fileset 'sim_1'...
INFO: [USF-XSim-97] Finding global include files...
INFO: [USF-XSim-100] Fetching design files from 'sources_1'...(this may take a while)...
INFO: [USF-XSim-101] Fetching design files from 'sim_1'...
INFO: [USF-XSim-2] XSim::Compile design
INFO: [USF-XSim-61] Executing 'COMPILE and ANALYZE' step in 'C:/Users/kyrar/OneDrive/Documents/GitHub/DL202030_KyraRose/Lab05/Lab05_project/Lab05_project.sim/sim_1/behav/xsim'
"xvlog --incr --relax -prj fulladder_test_vlog.prj"
INFO: [VRFC 10-2263] Analyzing SystemVerilog file "C:/Users/kyrar/OneDrive/Documents/GitHub/DL202030_KyraRose/Lab05/System_Verilog_code/halfadder.sv" into library xil_defaultlib
INFO: [VRFC 10-311] analyzing module halfadder
INFO: [VRFC 10-2263] Analyzing SystemVerilog file "C:/Users/kyrar/OneDrive/Documents/GitHub/DL202030_KyraRose/All_System_verilog_code/fulladder.sv" into library xil_defaultlib
INFO: [VRFC 10-311] analyzing module fulladder
INFO: [VRFC 10-2263] Analyzing SystemVerilog file "C:/Users/kyrar/OneDrive/Documents/GitHub/DL202030_KyraRose/Lab05/System_Verilog_code/halfadder_test.sv" into library xil_defaultlib
INFO: [VRFC 10-311] analyzing module halfadder_test
INFO: [VRFC 10-2263] Analyzing SystemVerilog file "C:/Users/kyrar/OneDrive/Documents/GitHub/DL202030_KyraRose/All_System_verilog_code/fulladder_test.sv" into library xil_defaultlib
INFO: [VRFC 10-311] analyzing module fulladder_test
INFO: [VRFC 10-2458] undeclared symbol ain, assumed default net type wire [C:/Users/kyrar/OneDrive/Documents/GitHub/DL202030_KyraRose/All_System_verilog_code/fulladder_test.sv:44]
INFO: [VRFC 10-2458] undeclared symbol bin, assumed default net type wire [C:/Users/kyrar/OneDrive/Documents/GitHub/DL202030_KyraRose/All_System_verilog_code/fulladder_test.sv:45]
INFO: [VRFC 10-2458] undeclared symbol sout, assumed default net type wire [C:/Users/kyrar/OneDrive/Documents/GitHub/DL202030_KyraRose/All_System_verilog_code/fulladder_test.sv:54]
INFO: [USF-XSim-69] 'compile' step finished in '4' seconds
INFO: [USF-XSim-3] XSim::Elaborate design
INFO: [USF-XSim-61] Executing 'ELABORATE' step in 'C:/Users/kyrar/OneDrive/Documents/GitHub/DL202030_KyraRose/Lab05/Lab05_project/Lab05_project.sim/sim_1/behav/xsim'
"xelab -wto 16e98e1dd05f4d8680aed826e6954234 --incr --debug typical --relax --mt 2 -L xil_defaultlib -L unisims_ver -L unimacro_ver -L secureip --snapshot fulladder_test_behav xil_defaultlib.fulladder_test xil_defaultlib.glbl -log elaborate.log"
Vivado Simulator 2020.1
Copyright 1986-1999, 2001-2020 Xilinx, Inc. All Rights Reserved.
Running: C:/Xilinx/Vivado/2020.1/bin/unwrapped/win64.o/xelab.exe -wto 16e98e1dd05f4d8680aed826e6954234 --incr --debug typical --relax --mt 2 -L xil_defaultlib -L unisims_ver -L unimacro_ver -L secureip --snapshot fulladder_test_behav xil_defaultlib.fulladder_test xil_defaultlib.glbl -log elaborate.log 
Using 2 slave threads.
Starting static elaboration
Pass Through NonSizing Optimizer
Completed static elaboration
Starting simulation data flow analysis
Completed simulation data flow analysis
Time Resolution for simulation is 1ps
Compiling module xil_defaultlib.halfadder
Compiling module xil_defaultlib.fulladder
Compiling module xil_defaultlib.fulladder_test
Compiling module xil_defaultlib.glbl
Built simulation snapshot fulladder_test_behav
INFO: [USF-XSim-69] 'elaborate' step finished in '5' seconds
INFO: [USF-XSim-4] XSim::Simulate design
WARNING: [USF-XSim-17] WCFG file does not exist:C:/Users/kyrar/OneDrive/Documents/GitHub/DL202030_KyraRose/Lab05/Lab05_project/halfadder_test_behav.wcfg
WARNING: [USF-XSim-17] WCFG file does not exist:C:/Users/kyrar/OneDrive/Documents/GitHub/DL202030_KyraRose/Lab05/Lab05_project/halfadder_test_behav.wcfg
INFO: [USF-XSim-61] Executing 'SIMULATE' step in 'C:/Users/kyrar/OneDrive/Documents/GitHub/DL202030_KyraRose/Lab05/Lab05_project/Lab05_project.sim/sim_1/behav/xsim'
INFO: [USF-XSim-98] *** Running xsim
   with args "fulladder_test_behav -key {Behavioral:sim_1:Functional:fulladder_test} -tclbatch {fulladder_test.tcl} -log {simulate.log}"
INFO: [USF-XSim-8] Loading simulator feature
Vivado Simulator 2020.1
Time resolution is 1 ps
source fulladder_test.tcl
# set curr_wave [current_wave_config]
# if { [string length $curr_wave] == 0 } {
#   if { [llength [get_objects]] > 0} {
#     add_wave /
#     set_property needs_save false [current_wave_config]
#   } else {
#      send_msg_id Add_Wave-1 WARNING "No top level signals found. Simulator will start without a wave window. If you want to open a wave window go to 'File->New Waveform Configuration' or type 'create_wave_config' in the TCL console."
#   }
# }
# run 1000ns
$finish called at time : 80 ns : File "C:/Users/kyrar/OneDrive/Documents/GitHub/DL202030_KyraRose/All_System_verilog_code/fulladder_test.sv" Line 67
xsim: Time (s): cpu = 00:00:07 ; elapsed = 00:00:07 . Memory (MB): peak = 1118.660 ; gain = 0.000
INFO: [USF-XSim-96] XSim completed. Design snapshot 'fulladder_test_behav' loaded.
INFO: [USF-XSim-97] XSim simulation ran for 1000ns
launch_simulation: Time (s): cpu = 00:00:09 ; elapsed = 00:00:16 . Memory (MB): peak = 1118.660 ; gain = 0.000
run all
close_sim
INFO: [Simtcl 6-16] Simulation closed
close_sim: Time (s): cpu = 00:00:04 ; elapsed = 00:00:06 . Memory (MB): peak = 1125.527 ; gain = 0.000
launch_simulation
Command: launch_simulation 
INFO: [Vivado 12-5682] Launching behavioral simulation in 'C:/Users/kyrar/OneDrive/Documents/GitHub/DL202030_KyraRose/Lab05/Lab05_project/Lab05_project.sim/sim_1/behav/xsim'
INFO: [SIM-utils-51] Simulation object is 'sim_1'
INFO: [SIM-utils-54] Inspecting design source files for 'fulladder_test' in fileset 'sim_1'...
INFO: [USF-XSim-97] Finding global include files...
INFO: [USF-XSim-100] Fetching design files from 'sources_1'...(this may take a while)...
INFO: [USF-XSim-101] Fetching design files from 'sim_1'...
INFO: [USF-XSim-2] XSim::Compile design
INFO: [USF-XSim-61] Executing 'COMPILE and ANALYZE' step in 'C:/Users/kyrar/OneDrive/Documents/GitHub/DL202030_KyraRose/Lab05/Lab05_project/Lab05_project.sim/sim_1/behav/xsim'
"xvlog --incr --relax -prj fulladder_test_vlog.prj"
INFO: [VRFC 10-2263] Analyzing SystemVerilog file "C:/Users/kyrar/OneDrive/Documents/GitHub/DL202030_KyraRose/Lab05/System_Verilog_code/halfadder.sv" into library xil_defaultlib
INFO: [VRFC 10-311] analyzing module halfadder
INFO: [VRFC 10-2263] Analyzing SystemVerilog file "C:/Users/kyrar/OneDrive/Documents/GitHub/DL202030_KyraRose/All_System_verilog_code/fulladder.sv" into library xil_defaultlib
INFO: [VRFC 10-311] analyzing module fulladder
INFO: [VRFC 10-2263] Analyzing SystemVerilog file "C:/Users/kyrar/OneDrive/Documents/GitHub/DL202030_KyraRose/Lab05/System_Verilog_code/halfadder_test.sv" into library xil_defaultlib
INFO: [VRFC 10-311] analyzing module halfadder_test
INFO: [VRFC 10-2263] Analyzing SystemVerilog file "C:/Users/kyrar/OneDrive/Documents/GitHub/DL202030_KyraRose/All_System_verilog_code/fulladder_test.sv" into library xil_defaultlib
INFO: [VRFC 10-311] analyzing module fulladder_test
INFO: [USF-XSim-69] 'compile' step finished in '4' seconds
INFO: [USF-XSim-3] XSim::Elaborate design
INFO: [USF-XSim-61] Executing 'ELABORATE' step in 'C:/Users/kyrar/OneDrive/Documents/GitHub/DL202030_KyraRose/Lab05/Lab05_project/Lab05_project.sim/sim_1/behav/xsim'
"xelab -wto 16e98e1dd05f4d8680aed826e6954234 --incr --debug typical --relax --mt 2 -L xil_defaultlib -L unisims_ver -L unimacro_ver -L secureip --snapshot fulladder_test_behav xil_defaultlib.fulladder_test xil_defaultlib.glbl -log elaborate.log"
Vivado Simulator 2020.1
Copyright 1986-1999, 2001-2020 Xilinx, Inc. All Rights Reserved.
Running: C:/Xilinx/Vivado/2020.1/bin/unwrapped/win64.o/xelab.exe -wto 16e98e1dd05f4d8680aed826e6954234 --incr --debug typical --relax --mt 2 -L xil_defaultlib -L unisims_ver -L unimacro_ver -L secureip --snapshot fulladder_test_behav xil_defaultlib.fulladder_test xil_defaultlib.glbl -log elaborate.log 
Using 2 slave threads.
Starting static elaboration
Pass Through NonSizing Optimizer
Completed static elaboration
Starting simulation data flow analysis
Completed simulation data flow analysis
Time Resolution for simulation is 1ps
Compiling module xil_defaultlib.halfadder
Compiling module xil_defaultlib.fulladder
Compiling module xil_defaultlib.fulladder_test
Compiling module xil_defaultlib.glbl
Built simulation snapshot fulladder_test_behav
INFO: [USF-XSim-69] 'elaborate' step finished in '5' seconds
INFO: [USF-XSim-4] XSim::Simulate design
WARNING: [USF-XSim-17] WCFG file does not exist:C:/Users/kyrar/OneDrive/Documents/GitHub/DL202030_KyraRose/Lab05/Lab05_project/halfadder_test_behav.wcfg
WARNING: [USF-XSim-17] WCFG file does not exist:C:/Users/kyrar/OneDrive/Documents/GitHub/DL202030_KyraRose/Lab05/Lab05_project/halfadder_test_behav.wcfg
INFO: [USF-XSim-61] Executing 'SIMULATE' step in 'C:/Users/kyrar/OneDrive/Documents/GitHub/DL202030_KyraRose/Lab05/Lab05_project/Lab05_project.sim/sim_1/behav/xsim'
INFO: [USF-XSim-98] *** Running xsim
   with args "fulladder_test_behav -key {Behavioral:sim_1:Functional:fulladder_test} -tclbatch {fulladder_test.tcl} -log {simulate.log}"
INFO: [USF-XSim-8] Loading simulator feature
Vivado Simulator 2020.1
Time resolution is 1 ps
source fulladder_test.tcl
# set curr_wave [current_wave_config]
# if { [string length $curr_wave] == 0 } {
#   if { [llength [get_objects]] > 0} {
#     add_wave /
#     set_property needs_save false [current_wave_config]
#   } else {
#      send_msg_id Add_Wave-1 WARNING "No top level signals found. Simulator will start without a wave window. If you want to open a wave window go to 'File->New Waveform Configuration' or type 'create_wave_config' in the TCL console."
#   }
# }
# run 1000ns
$finish called at time : 80 ns : File "C:/Users/kyrar/OneDrive/Documents/GitHub/DL202030_KyraRose/All_System_verilog_code/fulladder_test.sv" Line 52
xsim: Time (s): cpu = 00:00:07 ; elapsed = 00:00:06 . Memory (MB): peak = 1125.527 ; gain = 0.000
INFO: [USF-XSim-96] XSim completed. Design snapshot 'fulladder_test_behav' loaded.
INFO: [USF-XSim-97] XSim simulation ran for 1000ns
launch_simulation: Time (s): cpu = 00:00:09 ; elapsed = 00:00:15 . Memory (MB): peak = 1125.527 ; gain = 0.000
close_sim
INFO: [Simtcl 6-16] Simulation closed
close_sim: Time (s): cpu = 00:00:04 ; elapsed = 00:00:06 . Memory (MB): peak = 1125.527 ; gain = 0.000
launch_simulation
Command: launch_simulation 
INFO: [Vivado 12-5682] Launching behavioral simulation in 'C:/Users/kyrar/OneDrive/Documents/GitHub/DL202030_KyraRose/Lab05/Lab05_project/Lab05_project.sim/sim_1/behav/xsim'
INFO: [SIM-utils-51] Simulation object is 'sim_1'
INFO: [SIM-utils-54] Inspecting design source files for 'fulladder_test' in fileset 'sim_1'...
INFO: [USF-XSim-97] Finding global include files...
INFO: [USF-XSim-100] Fetching design files from 'sources_1'...(this may take a while)...
INFO: [USF-XSim-101] Fetching design files from 'sim_1'...
INFO: [USF-XSim-2] XSim::Compile design
INFO: [USF-XSim-61] Executing 'COMPILE and ANALYZE' step in 'C:/Users/kyrar/OneDrive/Documents/GitHub/DL202030_KyraRose/Lab05/Lab05_project/Lab05_project.sim/sim_1/behav/xsim'
"xvlog --incr --relax -prj fulladder_test_vlog.prj"
INFO: [VRFC 10-2263] Analyzing SystemVerilog file "C:/Users/kyrar/OneDrive/Documents/GitHub/DL202030_KyraRose/Lab05/System_Verilog_code/halfadder.sv" into library xil_defaultlib
INFO: [VRFC 10-311] analyzing module halfadder
INFO: [VRFC 10-2263] Analyzing SystemVerilog file "C:/Users/kyrar/OneDrive/Documents/GitHub/DL202030_KyraRose/All_System_verilog_code/fulladder.sv" into library xil_defaultlib
INFO: [VRFC 10-311] analyzing module fulladder
INFO: [VRFC 10-2263] Analyzing SystemVerilog file "C:/Users/kyrar/OneDrive/Documents/GitHub/DL202030_KyraRose/Lab05/System_Verilog_code/halfadder_test.sv" into library xil_defaultlib
INFO: [VRFC 10-311] analyzing module halfadder_test
INFO: [VRFC 10-2263] Analyzing SystemVerilog file "C:/Users/kyrar/OneDrive/Documents/GitHub/DL202030_KyraRose/All_System_verilog_code/fulladder_test.sv" into library xil_defaultlib
INFO: [VRFC 10-311] analyzing module fulladder_test
INFO: [USF-XSim-69] 'compile' step finished in '4' seconds
INFO: [USF-XSim-3] XSim::Elaborate design
INFO: [USF-XSim-61] Executing 'ELABORATE' step in 'C:/Users/kyrar/OneDrive/Documents/GitHub/DL202030_KyraRose/Lab05/Lab05_project/Lab05_project.sim/sim_1/behav/xsim'
"xelab -wto 16e98e1dd05f4d8680aed826e6954234 --incr --debug typical --relax --mt 2 -L xil_defaultlib -L unisims_ver -L unimacro_ver -L secureip --snapshot fulladder_test_behav xil_defaultlib.fulladder_test xil_defaultlib.glbl -log elaborate.log"
Vivado Simulator 2020.1
Copyright 1986-1999, 2001-2020 Xilinx, Inc. All Rights Reserved.
Running: C:/Xilinx/Vivado/2020.1/bin/unwrapped/win64.o/xelab.exe -wto 16e98e1dd05f4d8680aed826e6954234 --incr --debug typical --relax --mt 2 -L xil_defaultlib -L unisims_ver -L unimacro_ver -L secureip --snapshot fulladder_test_behav xil_defaultlib.fulladder_test xil_defaultlib.glbl -log elaborate.log 
Using 2 slave threads.
Starting static elaboration
Pass Through NonSizing Optimizer
Completed static elaboration
Starting simulation data flow analysis
Completed simulation data flow analysis
Time Resolution for simulation is 1ps
Compiling module xil_defaultlib.halfadder
Compiling module xil_defaultlib.fulladder
Compiling module xil_defaultlib.fulladder_test
Compiling module xil_defaultlib.glbl
Built simulation snapshot fulladder_test_behav
INFO: [USF-XSim-69] 'elaborate' step finished in '5' seconds
INFO: [USF-XSim-4] XSim::Simulate design
WARNING: [USF-XSim-17] WCFG file does not exist:C:/Users/kyrar/OneDrive/Documents/GitHub/DL202030_KyraRose/Lab05/Lab05_project/halfadder_test_behav.wcfg
WARNING: [USF-XSim-17] WCFG file does not exist:C:/Users/kyrar/OneDrive/Documents/GitHub/DL202030_KyraRose/Lab05/Lab05_project/halfadder_test_behav.wcfg
INFO: [USF-XSim-61] Executing 'SIMULATE' step in 'C:/Users/kyrar/OneDrive/Documents/GitHub/DL202030_KyraRose/Lab05/Lab05_project/Lab05_project.sim/sim_1/behav/xsim'
INFO: [USF-XSim-98] *** Running xsim
   with args "fulladder_test_behav -key {Behavioral:sim_1:Functional:fulladder_test} -tclbatch {fulladder_test.tcl} -log {simulate.log}"
INFO: [USF-XSim-8] Loading simulator feature
Vivado Simulator 2020.1
Time resolution is 1 ps
source fulladder_test.tcl
# set curr_wave [current_wave_config]
# if { [string length $curr_wave] == 0 } {
#   if { [llength [get_objects]] > 0} {
#     add_wave /
#     set_property needs_save false [current_wave_config]
#   } else {
#      send_msg_id Add_Wave-1 WARNING "No top level signals found. Simulator will start without a wave window. If you want to open a wave window go to 'File->New Waveform Configuration' or type 'create_wave_config' in the TCL console."
#   }
# }
# run 1000ns
$finish called at time : 80 ns : File "C:/Users/kyrar/OneDrive/Documents/GitHub/DL202030_KyraRose/All_System_verilog_code/fulladder_test.sv" Line 49
xsim: Time (s): cpu = 00:00:07 ; elapsed = 00:00:06 . Memory (MB): peak = 1125.527 ; gain = 0.000
INFO: [USF-XSim-96] XSim completed. Design snapshot 'fulladder_test_behav' loaded.
INFO: [USF-XSim-97] XSim simulation ran for 1000ns
launch_simulation: Time (s): cpu = 00:00:09 ; elapsed = 00:00:15 . Memory (MB): peak = 1125.527 ; gain = 0.000
close_sim
INFO: [Simtcl 6-16] Simulation closed
close_sim: Time (s): cpu = 00:00:04 ; elapsed = 00:00:06 . Memory (MB): peak = 1125.527 ; gain = 0.000
close [ open C:/Users/kyrar/OneDrive/Documents/GitHub/DL202030_KyraRose/All_System_verilog_code/addsub.sv w ]
add_files C:/Users/kyrar/OneDrive/Documents/GitHub/DL202030_KyraRose/All_System_verilog_code/addsub.sv
set_property SOURCE_SET sources_1 [get_filesets sim_1]
close [ open C:/Users/kyrar/OneDrive/Documents/GitHub/DL202030_KyraRose/All_System_verilog_code/addsub_test.sv w ]
add_files -fileset sim_1 C:/Users/kyrar/OneDrive/Documents/GitHub/DL202030_KyraRose/All_System_verilog_code/addsub_test.sv
exit
INFO: [Common 17-206] Exiting Vivado at Sat Oct 17 22:11:46 2020...
